Arguments: 
  C:\Program Files\nodejs\node.exe C:\Users\33661\AppData\Roaming\npm\node_modules\yarn\bin\yarn.js add react-awesome-slider

PATH: 
  C:\Program Files (x86)\Common Files\Intel\Shared Libraries\redist\intel64\compiler;C:\Program Files\PuTTY\plink.exe;C:\Program Files\PuTTY\;C:\Ruby32-x64\bin;C:\Program Files\Common Files\Oracle\Java\javapath;C:\WINDOWS\system32;C:\WINDOWS;C:\WINDOWS\System32\Wbem;C:\WINDOWS\System32\WindowsPowerShell\v1.0\;C:\WINDOWS\System32\OpenSSH\C:\Program Files\Git\cmd;C:\Program Files\Git\cmd;;C:\Program Files (x86)\OpenSSH\bin;C:\Program Files\nodejs\;C:\Program Files\MySQL\MySQL Shell 8.0\bin\;C:\Users\33661\AppData\Local\Microsoft\WindowsApps;C:\Users\33661\AppData\Local\Programs\Microsoft VS Code\bin;C:\flutter\bin;C:\Users\33661\AppData\Roaming\npm

Yarn version: 
  1.22.10

Node version: 
  20.9.0

Platform: 
  win32 x64

Trace: 
  Error: EPERM: operation not permitted, unlink 'C:\Users\33661\OneDrive\Bureau\Webelong\node_modules\@next\swc-win32-x64-msvc\next-swc.win32-x64-msvc.node'

npm manifest: 
  {
    "name": "webelong",
    "version": "0.1.0",
    "private": true,
    "scripts": {
      "dev": "next dev",
      "build": "next build",
      "start": "next start",
      "lint": "next lint"
    },
    "dependencies": {
      "gsap": "^3.12.2",
      "next": "^14.0.2",
      "react": "^18",
      "react-dom": "^18",
      "react-modal": "^3.16.1",
      "react-slick": "^0.29.0",
      "slick-carousel": "^1.8.1"
    },
    "devDependencies": {
      "@types/node": "^20",
      "@types/react": "^18",
      "@types/react-dom": "^18",
      "@types/react-slick": "^0.23.12",
      "autoprefixer": "^10.0.1",
      "postcss": "^8",
      "tailwindcss": "^3.3.0",
      "typescript": "^5"
    }
  }

yarn manifest: 
  No manifest

Lockfile: 
  No lockfile
